Using pre-set license
Built from '2021.1/china_unity/release' branch; Version is '2021.1.13f1c1 (aac6de7699ce) revision 11192030'; Using compiler version '192528614'; Build Type 'Release'
OS: 'Windows 10 Home China; OS build 19042.1083; Version 2009; 64bit' Language: 'zh' Physical Memory: 8051 MB
BatchMode: 1, IsHumanControllingUs: 0, StartBugReporterOnCrash: 0, Is64bit: 1, IsPro: 0

 COMMAND LINE ARGUMENTS:
C:\Program Files\Unity\Hub\Editor\2021.1.13f1c1\Editor\Unity.exe
-adb2
-batchMode
-noUpm
-name
AssetImportWorker1
-projectPath
E:/UnityHub/Project/STATE-UP-TEAM/TDGame
-logFile
Logs/AssetImportWorker1.log
-srvPort
56457
Successfully changed project path to: E:/UnityHub/Project/STATE-UP-TEAM/TDGame
E:/UnityHub/Project/STATE-UP-TEAM/TDGame
Using Asset Import Pipeline V2.
Refreshing native plugins compatible for Editor in 129.15 ms, found 4 plugins.
Preloading 0 native plugins for Editor in 0.00 ms.
Initialize engine version: 2021.1.13f1c1 (aac6de7699ce)
[Subsystems] Discovering subsystems at path C:/Program Files/Unity/Hub/Editor/2021.1.13f1c1/Editor/Data/Resources/UnitySubsystems
[Subsystems] Discovering subsystems at path E:/UnityHub/Project/STATE-UP-TEAM/TDGame/Assets
GfxDevice: creating device client; threaded=0; jobified=0
Direct3D:
    Version:  Direct3D 11.0 [level 11.1]
    Renderer: NVIDIA GeForce GTX 1050 (ID=0x1c8d)
    Vendor:   NVIDIA
    VRAM:     4019 MB
    Driver:   27.21.14.5771
Initialize mono
Mono path[0] = 'C:/Program Files/Unity/Hub/Editor/2021.1.13f1c1/Editor/Data/Managed'
Mono path[1] = 'C:/Program Files/Unity/Hub/Editor/2021.1.13f1c1/Editor/Data/MonoBleedingEdge/lib/mono/unityjit'
Mono config path = 'C:/Program Files/Unity/Hub/Editor/2021.1.13f1c1/Editor/Data/MonoBleedingEdge/etc'
Using monoOptions --debugger-agent=transport=dt_socket,embedding=1,server=y,suspend=n,address=127.0.0.1:56912
Begin MonoManager ReloadAssembly
Registering precompiled unity dll's ...
Register platform support module: C:/Program Files/Unity/Hub/Editor/2021.1.13f1c1/Editor/Data/PlaybackEngines/WindowsStandaloneSupport/UnityEditor.WindowsStandalone.Extensions.dll
Registered in 0.001948 seconds.
Native extension for WindowsStandalone target not found
Refreshing native plugins compatible for Editor in 107.74 ms, found 4 plugins.
Preloading 0 native plugins for Editor in 0.00 ms.
Mono: successfully reloaded assembly
- Completed reload, in  1.127 seconds
Domain Reload Profiling:
	ReloadAssembly (1127ms)
		BeginReloadAssembly (64ms)
			ExecutionOrderSort (0ms)
			DisableScriptedObjects (0ms)
			BackupInstance (0ms)
			ReleaseScriptingObjects (0ms)
			CreateAndSetChildDomain (1ms)
		EndReloadAssembly (534ms)
			LoadAssemblies (61ms)
			RebuildTransferFunctionScriptingTraits (0ms)
			SetupTypeCache (203ms)
			ReleaseScriptCaches (0ms)
			RebuildScriptCaches (33ms)
			SetupLoadedEditorAssemblies (247ms)
				LogAssemblyErrors (0ms)
				InitializePlatformSupportModulesInManaged (6ms)
				SetLoadedEditorAssemblies (0ms)
				RefreshPlugins (108ms)
				BeforeProcessingInitializeOnLoad (1ms)
				ProcessInitializeOnLoadAttributes (96ms)
				ProcessInitializeOnLoadMethodAttributes (35ms)
				AfterProcessingInitializeOnLoad (0ms)
				EditorAssembliesLoaded (0ms)
			ExecutionOrderSort2 (0ms)
			AwakeInstancesAfterBackupRestoration (0ms)
Platform modules already initialized, skipping
Registering precompiled user dll's ...
Registered in 0.004758 seconds.
Begin MonoManager ReloadAssembly
Symbol file LoadedFromMemory doesn't match image E:\UnityHub\Project\STATE-UP-TEAM\TDGame\Library\PackageCache\com.unity.visualscripting@1.6.1\Editor\VisualScripting.Core\Dependencies\YamlDotNet\Unity.VisualScripting.YamlDotNet.dll
Symbol file LoadedFromMemory doesn't match image E:\UnityHub\Project\STATE-UP-TEAM\TDGame\Library\PackageCache\com.unity.visualscripting@1.6.1\Editor\VisualScripting.Core\Dependencies\DotNetZip\Unity.VisualScripting.IonicZip.dll
Native extension for WindowsStandalone target not found
Refreshing native plugins compatible for Editor in 252.86 ms, found 4 plugins.
Preloading 0 native plugins for Editor in 0.00 ms.
Mono: successfully reloaded assembly
- Completed reload, in  1.322 seconds
Domain Reload Profiling:
	ReloadAssembly (1322ms)
		BeginReloadAssembly (152ms)
			ExecutionOrderSort (0ms)
			DisableScriptedObjects (4ms)
			BackupInstance (0ms)
			ReleaseScriptingObjects (0ms)
			CreateAndSetChildDomain (20ms)
		EndReloadAssembly (1100ms)
			LoadAssemblies (102ms)
			RebuildTransferFunctionScriptingTraits (0ms)
			SetupTypeCache (321ms)
			ReleaseScriptCaches (1ms)
			RebuildScriptCaches (64ms)
			SetupLoadedEditorAssemblies (516ms)
				LogAssemblyErrors (0ms)
				InitializePlatformSupportModulesInManaged (4ms)
				SetLoadedEditorAssemblies (0ms)
				RefreshPlugins (253ms)
				BeforeProcessingInitializeOnLoad (84ms)
				ProcessInitializeOnLoadAttributes (154ms)
				ProcessInitializeOnLoadMethodAttributes (15ms)
				AfterProcessingInitializeOnLoad (6ms)
				EditorAssembliesLoaded (0ms)
			ExecutionOrderSort2 (0ms)
			AwakeInstancesAfterBackupRestoration (6ms)
Platform modules already initialized, skipping
========================================================================
Worker process is ready to serve import requests
Launched and connected shader compiler UnityShaderCompiler.exe after 0.05 seconds
Refreshing native plugins compatible for Editor in 0.75 ms, found 4 plugins.
Preloading 0 native plugins for Editor in 0.00 ms.
Unloading 3440 Unused Serialized files (Serialized files now loaded: 0)
System memory in use before: 132.8 MB.
System memory in use after: 132.8 MB.

Unloading 37 unused Assets to reduce memory usage. Loaded Objects now: 3886.
Total: 2.590800 ms (FindLiveObjects: 0.323300 ms CreateObjectMapping: 0.167700 ms MarkObjects: 1.972200 ms  DeleteObjects: 0.126700 ms)

AssetImportParameters requested are different than current active one (requested -> active):
  custom:framework-win-MediaFoundation: 216162199b28c13a410421893ffa2e32 -> 
  custom:video-decoder-ogg-theora: a1e56fd34408186e4bbccfd4996cb3dc -> 
  custom:container-muxer-webm: aa71ff27fc2769a1b78a27578f13a17b -> 
  custom:container-demuxer-webm: 4f35f7cbe854078d1ac9338744f61a02 -> 
  custom:container-demuxer-ogg: 62fdf1f143b41e24485cea50d1cbac27 -> 
  custom:video-encoder-webm-vp8: eb34c28f22e8b96e1ab97ce403110664 -> 
  custom:video-codec-MediaFoundation-h265: 746d11721c4dcdbdad8f713fa42b33f4 -> 
  custom:video-decoder-webm-vp8: 9c59270c3fd7afecdb556c50c9e8de78 -> 
  custom:audio-decoder-ogg-vorbis: bf7c407c2cedff20999df2af8eb42d56 -> 
  custom:audio-encoder-webm-vorbis: bf7c407c2cedff20999df2af8eb42d56 -> 
========================================================================
Received Import Request.
  path: Assets/C#/Builder.cs
  artifactKey: Guid(1408dbbfb136d9f45bbf700f3737c0ef) Importer(815301076,1909f56bfc062723c751e8b465ee728b)
Start importing Assets/C#/Builder.cs using Guid(1408dbbfb136d9f45bbf700f3737c0ef) Importer(815301076,1909f56bfc062723c751e8b465ee728b)  -> (artifact id: '89df9671f61434bede6a6edc00c0c9b3') in 0.067379 seconds 
========================================================================
Received Import Request.
  Time since last request: 0.000238 seconds.
  path: Assets/Prefab/builder.prefab
  artifactKey: Guid(b45e0958ad367514587a7d958f3bc169) Importer(815301076,1909f56bfc062723c751e8b465ee728b)
Start importing Assets/Prefab/builder.prefab using Guid(b45e0958ad367514587a7d958f3bc169) Importer(815301076,1909f56bfc062723c751e8b465ee728b)  -> (artifact id: 'b23996863731996aecaad1ba4d7e06dc') in 0.100259 seconds 
========================================================================
Received Prepare
Refreshing native plugins compatible for Editor in 4.01 ms, found 4 plugins.
Preloading 0 native plugins for Editor in 0.00 ms.
Unloading 23 Unused Serialized files (Serialized files now loaded: 0)
System memory in use before: 65.3 MB.
System memory in use after: 65.4 MB.

Unloading 24 unused Assets to reduce memory usage. Loaded Objects now: 3886.
Total: 2.776800 ms (FindLiveObjects: 0.313600 ms CreateObjectMapping: 0.153400 ms MarkObjects: 2.205400 ms  DeleteObjects: 0.103700 ms)

AssetImportParameters requested are different than current active one (requested -> active):
  custom:framework-win-MediaFoundation: 216162199b28c13a410421893ffa2e32 -> 
  custom:video-decoder-ogg-theora: a1e56fd34408186e4bbccfd4996cb3dc -> 
  custom:container-muxer-webm: aa71ff27fc2769a1b78a27578f13a17b -> 
  custom:container-demuxer-webm: 4f35f7cbe854078d1ac9338744f61a02 -> 
  custom:container-demuxer-ogg: 62fdf1f143b41e24485cea50d1cbac27 -> 
  custom:video-encoder-webm-vp8: eb34c28f22e8b96e1ab97ce403110664 -> 
  custom:video-codec-MediaFoundation-h265: 746d11721c4dcdbdad8f713fa42b33f4 -> 
  custom:video-decoder-webm-vp8: 9c59270c3fd7afecdb556c50c9e8de78 -> 
  custom:audio-decoder-ogg-vorbis: bf7c407c2cedff20999df2af8eb42d56 -> 
  custom:audio-encoder-webm-vorbis: bf7c407c2cedff20999df2af8eb42d56 -> 
========================================================================
Received Import Request.
  Time since last request: 62.989552 seconds.
  path: Assets/C#
  artifactKey: Guid(4da2b648005b4084cae4deaebcd714c7) Importer(815301076,1909f56bfc062723c751e8b465ee728b)
Start importing Assets/C# using Guid(4da2b648005b4084cae4deaebcd714c7) Importer(815301076,1909f56bfc062723c751e8b465ee728b)  -> (artifact id: '3afc363d34478ab791e04e9f53b1c7b1') in 0.002693 seconds 
========================================================================
Received Import Request.
  Time since last request: 0.547201 seconds.
  path: Assets/Prefab/Enemys/enemy1walk.prefab
  artifactKey: Guid(21a671409fb0c654bbddb7c90f590b97) Importer(815301076,1909f56bfc062723c751e8b465ee728b)
Start importing Assets/Prefab/Enemys/enemy1walk.prefab using Guid(21a671409fb0c654bbddb7c90f590b97) Importer(815301076,1909f56bfc062723c751e8b465ee728b)  -> (artifact id: '5c91b9985b502be53d3176c12d61103a') in 0.066907 seconds 
========================================================================
Received Import Request.
  Time since last request: 0.910941 seconds.
  path: Assets/Prefab/Enemys/enemy2walk.prefab
  artifactKey: Guid(430f4b89408cdcd41a188918b904ec08) Importer(815301076,1909f56bfc062723c751e8b465ee728b)
Start importing Assets/Prefab/Enemys/enemy2walk.prefab using Guid(430f4b89408cdcd41a188918b904ec08) Importer(815301076,1909f56bfc062723c751e8b465ee728b)  -> (artifact id: '26f105239dab27a9516b74e1b6680b73') in 0.012818 seconds 
========================================================================
Received Import Request.
  Time since last request: 95.663848 seconds.
  path: Assets/C#/CreateBuilder.cs
  artifactKey: Guid(2844b86af1b8c764f9598502c4640079) Importer(815301076,1909f56bfc062723c751e8b465ee728b)
Start importing Assets/C#/CreateBuilder.cs using Guid(2844b86af1b8c764f9598502c4640079) Importer(815301076,1909f56bfc062723c751e8b465ee728b)  -> (artifact id: '8186abc687c22ec7000d35ba9a74fbed') in 0.002264 seconds 
========================================================================
Received Import Request.
  Time since last request: 350.470594 seconds.
  path: Assets/C#/ArcherTower.cs
  artifactKey: Guid(84170f83b8311dd46891297d0f46b32d) Importer(815301076,1909f56bfc062723c751e8b465ee728b)
Start importing Assets/C#/ArcherTower.cs using Guid(84170f83b8311dd46891297d0f46b32d) Importer(815301076,1909f56bfc062723c751e8b465ee728b)  -> (artifact id: 'ad07cff1b91f72148ec112ea7c53853f') in 0.003943 seconds 
========================================================================
Received Import Request.
  Time since last request: 3.149846 seconds.
  path: Assets/C#/Enemy.cs
  artifactKey: Guid(de9bdb5bd19caa84697424f8caf79c75) Importer(815301076,1909f56bfc062723c751e8b465ee728b)
Start importing Assets/C#/Enemy.cs using Guid(de9bdb5bd19caa84697424f8caf79c75) Importer(815301076,1909f56bfc062723c751e8b465ee728b)  -> (artifact id: '3df62a17fbfc91ae01c1d12a3e942e29') in 0.002291 seconds 
========================================================================
Received Import Request.
  Time since last request: 0.714584 seconds.
  path: Assets/C#/Game.cs
  artifactKey: Guid(5da839ea27cbd9147a86b7ef49d8c709) Importer(815301076,1909f56bfc062723c751e8b465ee728b)
Start importing Assets/C#/Game.cs using Guid(5da839ea27cbd9147a86b7ef49d8c709) Importer(815301076,1909f56bfc062723c751e8b465ee728b)  -> (artifact id: '62113e553415f3f3564948f8f35c9725') in 0.002021 seconds 
========================================================================
Received Prepare
Registering precompiled user dll's ...
Registered in 0.004523 seconds.
Begin MonoManager ReloadAssembly
Symbol file LoadedFromMemory doesn't match image E:\UnityHub\Project\STATE-UP-TEAM\TDGame\Library\PackageCache\com.unity.visualscripting@1.6.1\Editor\VisualScripting.Core\Dependencies\YamlDotNet\Unity.VisualScripting.YamlDotNet.dll
Symbol file LoadedFromMemory doesn't match image E:\UnityHub\Project\STATE-UP-TEAM\TDGame\Library\PackageCache\com.unity.visualscripting@1.6.1\Editor\VisualScripting.Core\Dependencies\DotNetZip\Unity.VisualScripting.IonicZip.dll
Native extension for WindowsStandalone target not found
Refreshing native plugins compatible for Editor in 0.96 ms, found 4 plugins.
Preloading 0 native plugins for Editor in 0.00 ms.
Mono: successfully reloaded assembly
- Completed reload, in  1.062 seconds
Domain Reload Profiling:
	ReloadAssembly (1063ms)
		BeginReloadAssembly (118ms)
			ExecutionOrderSort (0ms)
			DisableScriptedObjects (11ms)
			BackupInstance (0ms)
			ReleaseScriptingObjects (0ms)
			CreateAndSetChildDomain (33ms)
		EndReloadAssembly (882ms)
			LoadAssemblies (88ms)
			RebuildTransferFunctionScriptingTraits (0ms)
			SetupTypeCache (314ms)
			ReleaseScriptCaches (1ms)
			RebuildScriptCaches (43ms)
			SetupLoadedEditorAssemblies (268ms)
				LogAssemblyErrors (0ms)
				InitializePlatformSupportModulesInManaged (5ms)
				SetLoadedEditorAssemblies (0ms)
				RefreshPlugins (1ms)
				BeforeProcessingInitializeOnLoad (59ms)
				ProcessInitializeOnLoadAttributes (156ms)
				ProcessInitializeOnLoadMethodAttributes (29ms)
				AfterProcessingInitializeOnLoad (17ms)
				EditorAssembliesLoaded (0ms)
			ExecutionOrderSort2 (0ms)
			AwakeInstancesAfterBackupRestoration (21ms)
Platform modules already initialized, skipping
Refreshing native plugins compatible for Editor in 0.79 ms, found 4 plugins.
Preloading 0 native plugins for Editor in 0.00 ms.
Unloading 3437 Unused Serialized files (Serialized files now loaded: 0)
System memory in use before: 137.1 MB.
System memory in use after: 137.2 MB.

Unloading 25 unused Assets to reduce memory usage. Loaded Objects now: 3899.
Total: 4.570300 ms (FindLiveObjects: 0.751000 ms CreateObjectMapping: 0.499000 ms MarkObjects: 3.172900 ms  DeleteObjects: 0.144900 ms)

AssetImportParameters requested are different than current active one (requested -> active):
  custom:framework-win-MediaFoundation: 216162199b28c13a410421893ffa2e32 -> 
  custom:video-decoder-ogg-theora: a1e56fd34408186e4bbccfd4996cb3dc -> 
  custom:container-muxer-webm: aa71ff27fc2769a1b78a27578f13a17b -> 
  custom:container-demuxer-webm: 4f35f7cbe854078d1ac9338744f61a02 -> 
  custom:container-demuxer-ogg: 62fdf1f143b41e24485cea50d1cbac27 -> 
  custom:video-encoder-webm-vp8: eb34c28f22e8b96e1ab97ce403110664 -> 
  custom:video-codec-MediaFoundation-h265: 746d11721c4dcdbdad8f713fa42b33f4 -> 
  custom:video-decoder-webm-vp8: 9c59270c3fd7afecdb556c50c9e8de78 -> 
  custom:audio-decoder-ogg-vorbis: bf7c407c2cedff20999df2af8eb42d56 -> 
  custom:audio-encoder-webm-vorbis: bf7c407c2cedff20999df2af8eb42d56 -> 
========================================================================
Received Import Request.
  Time since last request: 97.652709 seconds.
  path: Assets/C#/Game.cs
  artifactKey: Guid(5da839ea27cbd9147a86b7ef49d8c709) Importer(815301076,1909f56bfc062723c751e8b465ee728b)
Start importing Assets/C#/Game.cs using Guid(5da839ea27cbd9147a86b7ef49d8c709) Importer(815301076,1909f56bfc062723c751e8b465ee728b)  -> (artifact id: '7009de1a83bec3f76703201ca676feed') in 0.007434 seconds 
========================================================================
Received Prepare
Registering precompiled user dll's ...
Registered in 0.004376 seconds.
Begin MonoManager ReloadAssembly
Symbol file LoadedFromMemory doesn't match image E:\UnityHub\Project\STATE-UP-TEAM\TDGame\Library\PackageCache\com.unity.visualscripting@1.6.1\Editor\VisualScripting.Core\Dependencies\YamlDotNet\Unity.VisualScripting.YamlDotNet.dll
Symbol file LoadedFromMemory doesn't match image E:\UnityHub\Project\STATE-UP-TEAM\TDGame\Library\PackageCache\com.unity.visualscripting@1.6.1\Editor\VisualScripting.Core\Dependencies\DotNetZip\Unity.VisualScripting.IonicZip.dll
Native extension for WindowsStandalone target not found
Refreshing native plugins compatible for Editor in 0.79 ms, found 4 plugins.
Preloading 0 native plugins for Editor in 0.00 ms.
Mono: successfully reloaded assembly
- Completed reload, in  1.155 seconds
Domain Reload Profiling:
	ReloadAssembly (1156ms)
		BeginReloadAssembly (121ms)
			ExecutionOrderSort (0ms)
			DisableScriptedObjects (6ms)
			BackupInstance (0ms)
			ReleaseScriptingObjects (0ms)
			CreateAndSetChildDomain (37ms)
		EndReloadAssembly (973ms)
			LoadAssemblies (93ms)
			RebuildTransferFunctionScriptingTraits (0ms)
			SetupTypeCache (471ms)
			ReleaseScriptCaches (1ms)
			RebuildScriptCaches (48ms)
			SetupLoadedEditorAssemblies (247ms)
				LogAssemblyErrors (0ms)
				InitializePlatformSupportModulesInManaged (5ms)
				SetLoadedEditorAssemblies (0ms)
				RefreshPlugins (1ms)
				BeforeProcessingInitializeOnLoad (76ms)
				ProcessInitializeOnLoadAttributes (148ms)
				ProcessInitializeOnLoadMethodAttributes (11ms)
				AfterProcessingInitializeOnLoad (6ms)
				EditorAssembliesLoaded (0ms)
			ExecutionOrderSort2 (0ms)
			AwakeInstancesAfterBackupRestoration (10ms)
Platform modules already initialized, skipping
Refreshing native plugins compatible for Editor in 0.76 ms, found 4 plugins.
Preloading 0 native plugins for Editor in 0.00 ms.
Unloading 3437 Unused Serialized files (Serialized files now loaded: 0)
System memory in use before: 137.2 MB.
System memory in use after: 137.3 MB.

Unloading 25 unused Assets to reduce memory usage. Loaded Objects now: 3903.
Total: 2.857000 ms (FindLiveObjects: 0.313800 ms CreateObjectMapping: 0.156300 ms MarkObjects: 2.293400 ms  DeleteObjects: 0.092800 ms)

AssetImportParameters requested are different than current active one (requested -> active):
  custom:framework-win-MediaFoundation: 216162199b28c13a410421893ffa2e32 -> 
  custom:video-decoder-ogg-theora: a1e56fd34408186e4bbccfd4996cb3dc -> 
  custom:container-muxer-webm: aa71ff27fc2769a1b78a27578f13a17b -> 
  custom:container-demuxer-webm: 4f35f7cbe854078d1ac9338744f61a02 -> 
  custom:container-demuxer-ogg: 62fdf1f143b41e24485cea50d1cbac27 -> 
  custom:video-encoder-webm-vp8: eb34c28f22e8b96e1ab97ce403110664 -> 
  custom:video-codec-MediaFoundation-h265: 746d11721c4dcdbdad8f713fa42b33f4 -> 
  custom:video-decoder-webm-vp8: 9c59270c3fd7afecdb556c50c9e8de78 -> 
  custom:audio-decoder-ogg-vorbis: bf7c407c2cedff20999df2af8eb42d56 -> 
  custom:audio-encoder-webm-vorbis: bf7c407c2cedff20999df2af8eb42d56 -> 
========================================================================
Received Import Request.
  Time since last request: 397.913819 seconds.
  path: Assets/Prefab
  artifactKey: Guid(93514223228999341b914076e947a895) Importer(815301076,1909f56bfc062723c751e8b465ee728b)
Start importing Assets/Prefab using Guid(93514223228999341b914076e947a895) Importer(815301076,1909f56bfc062723c751e8b465ee728b)  -> (artifact id: '81ec130f0069db0580dc193aad1d3e00') in 0.045767 seconds 
========================================================================
Received Import Request.
  Time since last request: 0.000246 seconds.
  path: Assets/Prefab/ArcherTower.prefab
  artifactKey: Guid(cd528e5ab7934c8419e0088c31fdcd08) Importer(815301076,1909f56bfc062723c751e8b465ee728b)
Start importing Assets/Prefab/ArcherTower.prefab using Guid(cd528e5ab7934c8419e0088c31fdcd08) Importer(815301076,1909f56bfc062723c751e8b465ee728b)  -> (artifact id: '2728f680785acedbe4b9c20a0bfa7845') in 0.136083 seconds 
========================================================================
Received Import Request.
  Time since last request: 0.000252 seconds.
  path: Assets/Prefab/tower1.prefab
  artifactKey: Guid(fb1a2bd72ff4c1b41b1f074639186f93) Importer(815301076,1909f56bfc062723c751e8b465ee728b)
Start importing Assets/Prefab/tower1.prefab using Guid(fb1a2bd72ff4c1b41b1f074639186f93) Importer(815301076,1909f56bfc062723c751e8b465ee728b)  -> (artifact id: '125f151317e3adf434ccc5da32b704bf') in 0.105376 seconds 
========================================================================
Received Import Request.
  Time since last request: 0.000291 seconds.
  path: Assets/Prefab/information_root.prefab
  artifactKey: Guid(6ec1b259bd42e904a95e80dd54e6591e) Importer(815301076,1909f56bfc062723c751e8b465ee728b)
Start importing Assets/Prefab/information_root.prefab using Guid(6ec1b259bd42e904a95e80dd54e6591e) Importer(815301076,1909f56bfc062723c751e8b465ee728b)  -> (artifact id: '7562cfaaf7db0c90bfbc9d425aea0a30') in 0.009157 seconds 
========================================================================
Received Import Request.
  Time since last request: 0.000400 seconds.
  path: Assets/Prefab/builder.prefab
  artifactKey: Guid(b45e0958ad367514587a7d958f3bc169) Importer(815301076,1909f56bfc062723c751e8b465ee728b)
Start importing Assets/Prefab/builder.prefab using Guid(b45e0958ad367514587a7d958f3bc169) Importer(815301076,1909f56bfc062723c751e8b465ee728b)  -> (artifact id: 'a72f1a9faf566cab238e58a65950f786') in 0.052954 seconds 
========================================================================
Received Import Request.
  Time since last request: 53.963341 seconds.
  path: Assets/Prefab/button_root.prefab
  artifactKey: Guid(3896361f6a9bf3a4a848f8b4238513f1) Importer(815301076,1909f56bfc062723c751e8b465ee728b)
Start importing Assets/Prefab/button_root.prefab using Guid(3896361f6a9bf3a4a848f8b4238513f1) Importer(815301076,1909f56bfc062723c751e8b465ee728b)  -> (artifact id: 'fba60f6fbccf13021f1b92dd80003641') in 0.008129 seconds 
========================================================================
Received Import Request.
  Time since last request: 42.689295 seconds.
  path: Assets/Prefab/builder.prefab
  artifactKey: Guid(b45e0958ad367514587a7d958f3bc169) Importer(815301076,1909f56bfc062723c751e8b465ee728b)
Start importing Assets/Prefab/builder.prefab using Guid(b45e0958ad367514587a7d958f3bc169) Importer(815301076,1909f56bfc062723c751e8b465ee728b)  -> (artifact id: '2af42226efc2cac2686f5dab489b0cbb') in 0.005871 seconds 
========================================================================
Received Import Request.
  Time since last request: 15.327143 seconds.
  path: Assets/Prefab/builder.prefab
  artifactKey: Guid(b45e0958ad367514587a7d958f3bc169) Importer(815301076,1909f56bfc062723c751e8b465ee728b)
Start importing Assets/Prefab/builder.prefab using Guid(b45e0958ad367514587a7d958f3bc169) Importer(815301076,1909f56bfc062723c751e8b465ee728b)  -> (artifact id: '20d2c9d26f1b58b5c912449c5e5ce860') in 0.007486 seconds 
========================================================================
Received Import Request.
  Time since last request: 16.602300 seconds.
  path: Assets/Prefab/information_root.prefab
  artifactKey: Guid(6ec1b259bd42e904a95e80dd54e6591e) Importer(815301076,1909f56bfc062723c751e8b465ee728b)
Start importing Assets/Prefab/information_root.prefab using Guid(6ec1b259bd42e904a95e80dd54e6591e) Importer(815301076,1909f56bfc062723c751e8b465ee728b)  -> (artifact id: '6ce59a79cfaa0966b598820a0fb2c422') in 0.005320 seconds 
========================================================================
Received Import Request.
  Time since last request: 2.067208 seconds.
  path: Assets/Prefab/information_root.prefab
  artifactKey: Guid(6ec1b259bd42e904a95e80dd54e6591e) Importer(815301076,1909f56bfc062723c751e8b465ee728b)
Start importing Assets/Prefab/information_root.prefab using Guid(6ec1b259bd42e904a95e80dd54e6591e) Importer(815301076,1909f56bfc062723c751e8b465ee728b)  -> (artifact id: '64cf6edd332d199dcebd6a8d35ed1ae8') in 0.005892 seconds 
========================================================================
Received Prepare
Registering precompiled user dll's ...
Registered in 0.004554 seconds.
Begin MonoManager ReloadAssembly
Symbol file LoadedFromMemory doesn't match image E:\UnityHub\Project\STATE-UP-TEAM\TDGame\Library\PackageCache\com.unity.visualscripting@1.6.1\Editor\VisualScripting.Core\Dependencies\YamlDotNet\Unity.VisualScripting.YamlDotNet.dll
Symbol file LoadedFromMemory doesn't match image E:\UnityHub\Project\STATE-UP-TEAM\TDGame\Library\PackageCache\com.unity.visualscripting@1.6.1\Editor\VisualScripting.Core\Dependencies\DotNetZip\Unity.VisualScripting.IonicZip.dll
Native extension for WindowsStandalone target not found
Refreshing native plugins compatible for Editor in 0.79 ms, found 4 plugins.
Preloading 0 native plugins for Editor in 0.00 ms.
Mono: successfully reloaded assembly
- Completed reload, in  1.287 seconds
Domain Reload Profiling:
	ReloadAssembly (1287ms)
		BeginReloadAssembly (159ms)
			ExecutionOrderSort (0ms)
			DisableScriptedObjects (10ms)
			BackupInstance (0ms)
			ReleaseScriptingObjects (0ms)
			CreateAndSetChildDomain (47ms)
		EndReloadAssembly (1053ms)
			LoadAssemblies (109ms)
			RebuildTransferFunctionScriptingTraits (0ms)
			SetupTypeCache (384ms)
			ReleaseScriptCaches (1ms)
			RebuildScriptCaches (53ms)
			SetupLoadedEditorAssemblies (395ms)
				LogAssemblyErrors (0ms)
				InitializePlatformSupportModulesInManaged (5ms)
				SetLoadedEditorAssemblies (0ms)
				RefreshPlugins (1ms)
				BeforeProcessingInitializeOnLoad (101ms)
				ProcessInitializeOnLoadAttributes (271ms)
				ProcessInitializeOnLoadMethodAttributes (10ms)
				AfterProcessingInitializeOnLoad (7ms)
				EditorAssembliesLoaded (0ms)
			ExecutionOrderSort2 (0ms)
			AwakeInstancesAfterBackupRestoration (11ms)
Platform modules already initialized, skipping
Refreshing native plugins compatible for Editor in 0.77 ms, found 4 plugins.
Preloading 0 native plugins for Editor in 0.00 ms.
Unloading 3437 Unused Serialized files (Serialized files now loaded: 0)
System memory in use before: 137.3 MB.
System memory in use after: 137.4 MB.

Unloading 26 unused Assets to reduce memory usage. Loaded Objects now: 3910.
Total: 3.297900 ms (FindLiveObjects: 0.374600 ms CreateObjectMapping: 0.196100 ms MarkObjects: 2.602000 ms  DeleteObjects: 0.124000 ms)

AssetImportParameters requested are different than current active one (requested -> active):
  custom:framework-win-MediaFoundation: 216162199b28c13a410421893ffa2e32 -> 
  custom:video-decoder-ogg-theora: a1e56fd34408186e4bbccfd4996cb3dc -> 
  custom:container-muxer-webm: aa71ff27fc2769a1b78a27578f13a17b -> 
  custom:container-demuxer-webm: 4f35f7cbe854078d1ac9338744f61a02 -> 
  custom:container-demuxer-ogg: 62fdf1f143b41e24485cea50d1cbac27 -> 
  custom:video-encoder-webm-vp8: eb34c28f22e8b96e1ab97ce403110664 -> 
  custom:video-codec-MediaFoundation-h265: 746d11721c4dcdbdad8f713fa42b33f4 -> 
  custom:video-decoder-webm-vp8: 9c59270c3fd7afecdb556c50c9e8de78 -> 
  custom:audio-decoder-ogg-vorbis: bf7c407c2cedff20999df2af8eb42d56 -> 
  custom:audio-encoder-webm-vorbis: bf7c407c2cedff20999df2af8eb42d56 -> 
========================================================================
Received Prepare
Registering precompiled user dll's ...
Registered in 0.006470 seconds.
Begin MonoManager ReloadAssembly
Symbol file LoadedFromMemory doesn't match image E:\UnityHub\Project\STATE-UP-TEAM\TDGame\Library\PackageCache\com.unity.visualscripting@1.6.1\Editor\VisualScripting.Core\Dependencies\YamlDotNet\Unity.VisualScripting.YamlDotNet.dll
Symbol file LoadedFromMemory doesn't match image E:\UnityHub\Project\STATE-UP-TEAM\TDGame\Library\PackageCache\com.unity.visualscripting@1.6.1\Editor\VisualScripting.Core\Dependencies\DotNetZip\Unity.VisualScripting.IonicZip.dll
Native extension for WindowsStandalone target not found
Refreshing native plugins compatible for Editor in 0.82 ms, found 4 plugins.
Preloading 0 native plugins for Editor in 0.00 ms.
Mono: successfully reloaded assembly
- Completed reload, in  1.129 seconds
Domain Reload Profiling:
	ReloadAssembly (1129ms)
		BeginReloadAssembly (113ms)
			ExecutionOrderSort (0ms)
			DisableScriptedObjects (7ms)
			BackupInstance (0ms)
			ReleaseScriptingObjects (0ms)
			CreateAndSetChildDomain (31ms)
		EndReloadAssembly (945ms)
			LoadAssemblies (106ms)
			RebuildTransferFunctionScriptingTraits (0ms)
			SetupTypeCache (309ms)
			ReleaseScriptCaches (1ms)
			RebuildScriptCaches (119ms)
			SetupLoadedEditorAssemblies (259ms)
				LogAssemblyErrors (0ms)
				InitializePlatformSupportModulesInManaged (5ms)
				SetLoadedEditorAssemblies (0ms)
				RefreshPlugins (1ms)
				BeforeProcessingInitializeOnLoad (77ms)
				ProcessInitializeOnLoadAttributes (158ms)
				ProcessInitializeOnLoadMethodAttributes (10ms)
				AfterProcessingInitializeOnLoad (7ms)
				EditorAssembliesLoaded (0ms)
			ExecutionOrderSort2 (0ms)
			AwakeInstancesAfterBackupRestoration (11ms)
Platform modules already initialized, skipping
Refreshing native plugins compatible for Editor in 0.77 ms, found 4 plugins.
Preloading 0 native plugins for Editor in 0.00 ms.
Unloading 3437 Unused Serialized files (Serialized files now loaded: 0)
System memory in use before: 137.3 MB.
System memory in use after: 137.4 MB.

Unloading 25 unused Assets to reduce memory usage. Loaded Objects now: 3914.
Total: 3.029600 ms (FindLiveObjects: 0.305000 ms CreateObjectMapping: 0.138900 ms MarkObjects: 2.466800 ms  DeleteObjects: 0.118000 ms)

AssetImportParameters requested are different than current active one (requested -> active):
  custom:framework-win-MediaFoundation: 216162199b28c13a410421893ffa2e32 -> 
  custom:video-decoder-ogg-theora: a1e56fd34408186e4bbccfd4996cb3dc -> 
  custom:container-muxer-webm: aa71ff27fc2769a1b78a27578f13a17b -> 
  custom:container-demuxer-webm: 4f35f7cbe854078d1ac9338744f61a02 -> 
  custom:container-demuxer-ogg: 62fdf1f143b41e24485cea50d1cbac27 -> 
  custom:video-encoder-webm-vp8: eb34c28f22e8b96e1ab97ce403110664 -> 
  custom:video-codec-MediaFoundation-h265: 746d11721c4dcdbdad8f713fa42b33f4 -> 
  custom:video-decoder-webm-vp8: 9c59270c3fd7afecdb556c50c9e8de78 -> 
  custom:audio-decoder-ogg-vorbis: bf7c407c2cedff20999df2af8eb42d56 -> 
  custom:audio-encoder-webm-vorbis: bf7c407c2cedff20999df2af8eb42d56 -> 
========================================================================
Received Import Request.
  Time since last request: 173.828780 seconds.
  path: Assets/Prefab/information_root.prefab
  artifactKey: Guid(6ec1b259bd42e904a95e80dd54e6591e) Importer(815301076,1909f56bfc062723c751e8b465ee728b)
Start importing Assets/Prefab/information_root.prefab using Guid(6ec1b259bd42e904a95e80dd54e6591e) Importer(815301076,1909f56bfc062723c751e8b465ee728b)  -> (artifact id: '79b0536b2423caf39d7c44cc6d016872') in 0.031872 seconds 
========================================================================
Received Import Request.
  Time since last request: 19.788092 seconds.
  path: Assets/Resource/Face
  artifactKey: Guid(c9068a13bd1e2af40b0d6bcf2b22320c) Importer(815301076,1909f56bfc062723c751e8b465ee728b)
Start importing Assets/Resource/Face using Guid(c9068a13bd1e2af40b0d6bcf2b22320c) Importer(815301076,1909f56bfc062723c751e8b465ee728b)  -> (artifact id: '7a1e4bda13029f6f9c8890abfe7eb3e2') in 0.002633 seconds 
========================================================================
Received Import Request.
  Time since last request: 0.120674 seconds.
  path: Assets/Resource/Face/face.png
  artifactKey: Guid(b1139091ce886c94f9e8aab05379dd7e) Importer(815301076,1909f56bfc062723c751e8b465ee728b)
Start importing Assets/Resource/Face/face.png using Guid(b1139091ce886c94f9e8aab05379dd7e) Importer(815301076,1909f56bfc062723c751e8b465ee728b)  -> (artifact id: '38d4b4f6a2dad75670558b6af59c3a59') in 0.051749 seconds 
========================================================================
Received Import Request.
  Time since last request: 0.000358 seconds.
  path: Assets/Resource/Face/sell.png
  artifactKey: Guid(80f4598677c09494c9b4a3f77b4e8b71) Importer(815301076,1909f56bfc062723c751e8b465ee728b)
Start importing Assets/Resource/Face/sell.png using Guid(80f4598677c09494c9b4a3f77b4e8b71) Importer(815301076,1909f56bfc062723c751e8b465ee728b)  -> (artifact id: 'a1793aadd063b9848478feffcb0c65ee') in 0.016737 seconds 
========================================================================
Received Import Request.
  Time since last request: 0.000309 seconds.
  path: Assets/Resource/Face/up.png
  artifactKey: Guid(e441e687850748644b0204c14a608f41) Importer(815301076,1909f56bfc062723c751e8b465ee728b)
Start importing Assets/Resource/Face/up.png using Guid(e441e687850748644b0204c14a608f41) Importer(815301076,1909f56bfc062723c751e8b465ee728b)  -> (artifact id: '75693b1d60777c7695b1fdf0d8dd9e53') in 0.024994 seconds 
========================================================================
Received Import Request.
  Time since last request: 0.000291 seconds.
  path: Assets/Resource/Face/information.png
  artifactKey: Guid(5876d2ec373357a4aa2ddf30f08644c2) Importer(815301076,1909f56bfc062723c751e8b465ee728b)
Start importing Assets/Resource/Face/information.png using Guid(5876d2ec373357a4aa2ddf30f08644c2) Importer(815301076,1909f56bfc062723c751e8b465ee728b)  -> (artifact id: '16575098d1202afbf8815ce8e70fcc78') in 0.015527 seconds 
========================================================================
Received Import Request.
  Time since last request: 0.000412 seconds.
  path: Assets/Resource/Face/life.png
  artifactKey: Guid(a51f306d169823a44bbddc8d21e46074) Importer(815301076,1909f56bfc062723c751e8b465ee728b)
Start importing Assets/Resource/Face/life.png using Guid(a51f306d169823a44bbddc8d21e46074) Importer(815301076,1909f56bfc062723c751e8b465ee728b)  -> (artifact id: 'fc6c2ef61866740a0ad9bb7370b48588') in 0.016110 seconds 
========================================================================
Received Import Request.
  Time since last request: 0.000383 seconds.
  path: Assets/Resource/Face/gold.png
  artifactKey: Guid(8aa429b01bf15394a959d358f0ae2308) Importer(815301076,1909f56bfc062723c751e8b465ee728b)
Start importing Assets/Resource/Face/gold.png using Guid(8aa429b01bf15394a959d358f0ae2308) Importer(815301076,1909f56bfc062723c751e8b465ee728b)  -> (artifact id: 'b41519d82d8c4d5facdee2d1fa59c9f4') in 0.014857 seconds 
========================================================================
Received Import Request.
  Time since last request: 0.000467 seconds.
  path: Assets/Resource/Face/towerface.png
  artifactKey: Guid(e2e9c30b0bca51f4c928ae53b04e90d4) Importer(815301076,1909f56bfc062723c751e8b465ee728b)
Start importing Assets/Resource/Face/towerface.png using Guid(e2e9c30b0bca51f4c928ae53b04e90d4) Importer(815301076,1909f56bfc062723c751e8b465ee728b)  -> (artifact id: '2041aecf310c0b3e3f7d1c79cca21d88') in 0.023930 seconds 
========================================================================
Received Import Request.
  Time since last request: 45.237161 seconds.
  path: Assets/Resource/Face/btnframe.png
  artifactKey: Guid(12122f1e1a04e754796b918996d05605) Importer(815301076,1909f56bfc062723c751e8b465ee728b)
Start importing Assets/Resource/Face/btnframe.png using Guid(12122f1e1a04e754796b918996d05605) Importer(815301076,1909f56bfc062723c751e8b465ee728b)  -> (artifact id: '064f4c427ddce74ce8969a0f47f452e4') in 0.023855 seconds 
========================================================================
Received Import Request.
  Time since last request: 0.000412 seconds.
  path: Assets/Resource/Face/closeBtn.png
  artifactKey: Guid(84f72b6f50782b7438ca56bbb7b47f6f) Importer(815301076,1909f56bfc062723c751e8b465ee728b)
Start importing Assets/Resource/Face/closeBtn.png using Guid(84f72b6f50782b7438ca56bbb7b47f6f) Importer(815301076,1909f56bfc062723c751e8b465ee728b)  -> (artifact id: 'f51ae1bf7693d341b9eb4a7a5e117156') in 0.021836 seconds 
========================================================================
Received Import Request.
  Time since last request: 0.000363 seconds.
  path: Assets/Resource/Face/settingface.png
  artifactKey: Guid(5ba36861c197754489e6da20133bfc63) Importer(815301076,1909f56bfc062723c751e8b465ee728b)
Start importing Assets/Resource/Face/settingface.png using Guid(5ba36861c197754489e6da20133bfc63) Importer(815301076,1909f56bfc062723c751e8b465ee728b)  -> (artifact id: '4f0d691613f064ae50bbcafd6d1cd2e9') in 0.024629 seconds 
========================================================================
Received Import Request.
  Time since last request: 39.041015 seconds.
  path: Assets/Resource/Face/settingBtn1.png
  artifactKey: Guid(a112a2a9df503e649bac398ec05fa96b) Importer(815301076,1909f56bfc062723c751e8b465ee728b)
Start importing Assets/Resource/Face/settingBtn1.png using Guid(a112a2a9df503e649bac398ec05fa96b) Importer(815301076,1909f56bfc062723c751e8b465ee728b)  -> (artifact id: '5e69ee3637295a5d8afea5d159338243') in 0.033901 seconds 
========================================================================
Received Import Request.
  Time since last request: 0.000218 seconds.
  path: Assets/Resource/Face/settingBtn2.png
  artifactKey: Guid(96016ff0291bdd946a1bfcb309e313f8) Importer(815301076,1909f56bfc062723c751e8b465ee728b)
Start importing Assets/Resource/Face/settingBtn2.png using Guid(96016ff0291bdd946a1bfcb309e313f8) Importer(815301076,1909f56bfc062723c751e8b465ee728b)  -> (artifact id: 'c7bec6d6d127531dfd29f8952f052a1c') in 0.011802 seconds 
========================================================================
Received Prepare
Registering precompiled user dll's ...
Registered in 0.004469 seconds.
Begin MonoManager ReloadAssembly
Symbol file LoadedFromMemory doesn't match image E:\UnityHub\Project\STATE-UP-TEAM\TDGame\Library\PackageCache\com.unity.visualscripting@1.6.1\Editor\VisualScripting.Core\Dependencies\YamlDotNet\Unity.VisualScripting.YamlDotNet.dll
Symbol file LoadedFromMemory doesn't match image E:\UnityHub\Project\STATE-UP-TEAM\TDGame\Library\PackageCache\com.unity.visualscripting@1.6.1\Editor\VisualScripting.Core\Dependencies\DotNetZip\Unity.VisualScripting.IonicZip.dll
Native extension for WindowsStandalone target not found
Refreshing native plugins compatible for Editor in 0.76 ms, found 4 plugins.
Preloading 0 native plugins for Editor in 0.00 ms.
Mono: successfully reloaded assembly
- Completed reload, in  1.059 seconds
Domain Reload Profiling:
	ReloadAssembly (1060ms)
		BeginReloadAssembly (122ms)
			ExecutionOrderSort (0ms)
			DisableScriptedObjects (6ms)
			BackupInstance (0ms)
			ReleaseScriptingObjects (0ms)
			CreateAndSetChildDomain (34ms)
		EndReloadAssembly (866ms)
			LoadAssemblies (95ms)
			RebuildTransferFunctionScriptingTraits (0ms)
			SetupTypeCache (336ms)
			ReleaseScriptCaches (1ms)
			RebuildScriptCaches (43ms)
			SetupLoadedEditorAssemblies (253ms)
				LogAssemblyErrors (0ms)
				InitializePlatformSupportModulesInManaged (5ms)
				SetLoadedEditorAssemblies (0ms)
				RefreshPlugins (1ms)
				BeforeProcessingInitializeOnLoad (62ms)
				ProcessInitializeOnLoadAttributes (166ms)
				ProcessInitializeOnLoadMethodAttributes (12ms)
				AfterProcessingInitializeOnLoad (7ms)
				EditorAssembliesLoaded (0ms)
			ExecutionOrderSort2 (0ms)
			AwakeInstancesAfterBackupRestoration (17ms)
Platform modules already initialized, skipping
Refreshing native plugins compatible for Editor in 0.78 ms, found 4 plugins.
Preloading 0 native plugins for Editor in 0.00 ms.
Unloading 3449 Unused Serialized files (Serialized files now loaded: 0)
System memory in use before: 153.2 MB.
System memory in use after: 153.3 MB.

Unloading 25 unused Assets to reduce memory usage. Loaded Objects now: 4119.
Total: 3.118300 ms (FindLiveObjects: 0.322700 ms CreateObjectMapping: 0.133300 ms MarkObjects: 2.563700 ms  DeleteObjects: 0.097700 ms)

AssetImportParameters requested are different than current active one (requested -> active):
  custom:framework-win-MediaFoundation: 216162199b28c13a410421893ffa2e32 -> 
  custom:video-decoder-ogg-theora: a1e56fd34408186e4bbccfd4996cb3dc -> 
  custom:container-muxer-webm: aa71ff27fc2769a1b78a27578f13a17b -> 
  custom:container-demuxer-webm: 4f35f7cbe854078d1ac9338744f61a02 -> 
  custom:container-demuxer-ogg: 62fdf1f143b41e24485cea50d1cbac27 -> 
  custom:video-encoder-webm-vp8: eb34c28f22e8b96e1ab97ce403110664 -> 
  custom:video-codec-MediaFoundation-h265: 746d11721c4dcdbdad8f713fa42b33f4 -> 
  custom:video-decoder-webm-vp8: 9c59270c3fd7afecdb556c50c9e8de78 -> 
  custom:audio-decoder-ogg-vorbis: bf7c407c2cedff20999df2af8eb42d56 -> 
  custom:audio-encoder-webm-vorbis: bf7c407c2cedff20999df2af8eb42d56 -> 
========================================================================
Received Import Request.
  Time since last request: 276.583284 seconds.
  path: Assets/Prefab/button_root.prefab
  artifactKey: Guid(3896361f6a9bf3a4a848f8b4238513f1) Importer(815301076,1909f56bfc062723c751e8b465ee728b)
Start importing Assets/Prefab/button_root.prefab using Guid(3896361f6a9bf3a4a848f8b4238513f1) Importer(815301076,1909f56bfc062723c751e8b465ee728b)  -> (artifact id: '737aff2c942f9fd358ebe85c4a3f329a') in 0.038572 seconds 
========================================================================
Received Import Request.
  Time since last request: 35.535854 seconds.
  path: Assets/Prefab/builder.prefab
  artifactKey: Guid(b45e0958ad367514587a7d958f3bc169) Importer(815301076,1909f56bfc062723c751e8b465ee728b)
Start importing Assets/Prefab/builder.prefab using Guid(b45e0958ad367514587a7d958f3bc169) Importer(815301076,1909f56bfc062723c751e8b465ee728b)  -> (artifact id: '61383bca9192eeb85dfc49574a79f3f4') in 0.008473 seconds 
========================================================================
Received Prepare
Registering precompiled user dll's ...
Registered in 0.005143 seconds.
Begin MonoManager ReloadAssembly
Symbol file LoadedFromMemory doesn't match image E:\UnityHub\Project\STATE-UP-TEAM\TDGame\Library\PackageCache\com.unity.visualscripting@1.6.1\Editor\VisualScripting.Core\Dependencies\YamlDotNet\Unity.VisualScripting.YamlDotNet.dll
Symbol file LoadedFromMemory doesn't match image E:\UnityHub\Project\STATE-UP-TEAM\TDGame\Library\PackageCache\com.unity.visualscripting@1.6.1\Editor\VisualScripting.Core\Dependencies\DotNetZip\Unity.VisualScripting.IonicZip.dll
Native extension for WindowsStandalone target not found
Refreshing native plugins compatible for Editor in 0.93 ms, found 4 plugins.
Preloading 0 native plugins for Editor in 0.00 ms.
Mono: successfully reloaded assembly
- Completed reload, in  1.243 seconds
Domain Reload Profiling:
	ReloadAssembly (1243ms)
		BeginReloadAssembly (107ms)
			ExecutionOrderSort (0ms)
			DisableScriptedObjects (8ms)
			BackupInstance (0ms)
			ReleaseScriptingObjects (0ms)
			CreateAndSetChildDomain (31ms)
		EndReloadAssembly (1053ms)
			LoadAssemblies (98ms)
			RebuildTransferFunctionScriptingTraits (0ms)
			SetupTypeCache (355ms)
			ReleaseScriptCaches (1ms)
			RebuildScriptCaches (45ms)
			SetupLoadedEditorAssemblies (267ms)
				LogAssemblyErrors (0ms)
				InitializePlatformSupportModulesInManaged (5ms)
				SetLoadedEditorAssemblies (1ms)
				RefreshPlugins (1ms)
				BeforeProcessingInitializeOnLoad (77ms)
				ProcessInitializeOnLoadAttributes (167ms)
				ProcessInitializeOnLoadMethodAttributes (10ms)
				AfterProcessingInitializeOnLoad (6ms)
				EditorAssembliesLoaded (0ms)
			ExecutionOrderSort2 (0ms)
			AwakeInstancesAfterBackupRestoration (16ms)
Platform modules already initialized, skipping
Refreshing native plugins compatible for Editor in 0.90 ms, found 4 plugins.
Preloading 0 native plugins for Editor in 0.00 ms.
Unloading 3437 Unused Serialized files (Serialized files now loaded: 0)
System memory in use before: 152.7 MB.
System memory in use after: 152.8 MB.

Unloading 26 unused Assets to reduce memory usage. Loaded Objects now: 4123.
Total: 3.067600 ms (FindLiveObjects: 0.307200 ms CreateObjectMapping: 0.156700 ms MarkObjects: 2.501300 ms  DeleteObjects: 0.101500 ms)

AssetImportParameters requested are different than current active one (requested -> active):
  custom:framework-win-MediaFoundation: 216162199b28c13a410421893ffa2e32 -> 
  custom:video-decoder-ogg-theora: a1e56fd34408186e4bbccfd4996cb3dc -> 
  custom:container-muxer-webm: aa71ff27fc2769a1b78a27578f13a17b -> 
  custom:container-demuxer-webm: 4f35f7cbe854078d1ac9338744f61a02 -> 
  custom:container-demuxer-ogg: 62fdf1f143b41e24485cea50d1cbac27 -> 
  custom:video-encoder-webm-vp8: eb34c28f22e8b96e1ab97ce403110664 -> 
  custom:video-codec-MediaFoundation-h265: 746d11721c4dcdbdad8f713fa42b33f4 -> 
  custom:video-decoder-webm-vp8: 9c59270c3fd7afecdb556c50c9e8de78 -> 
  custom:audio-decoder-ogg-vorbis: bf7c407c2cedff20999df2af8eb42d56 -> 
  custom:audio-encoder-webm-vorbis: bf7c407c2cedff20999df2af8eb42d56 -> 
========================================================================
Received Prepare
Registering precompiled user dll's ...
Registered in 0.004381 seconds.
Begin MonoManager ReloadAssembly
Symbol file LoadedFromMemory doesn't match image E:\UnityHub\Project\STATE-UP-TEAM\TDGame\Library\PackageCache\com.unity.visualscripting@1.6.1\Editor\VisualScripting.Core\Dependencies\YamlDotNet\Unity.VisualScripting.YamlDotNet.dll
Symbol file LoadedFromMemory doesn't match image E:\UnityHub\Project\STATE-UP-TEAM\TDGame\Library\PackageCache\com.unity.visualscripting@1.6.1\Editor\VisualScripting.Core\Dependencies\DotNetZip\Unity.VisualScripting.IonicZip.dll
Native extension for WindowsStandalone target not found
Refreshing native plugins compatible for Editor in 1.20 ms, found 4 plugins.
Preloading 0 native plugins for Editor in 0.00 ms.
Mono: successfully reloaded assembly
- Completed reload, in  0.959 seconds
Domain Reload Profiling:
	ReloadAssembly (959ms)
		BeginReloadAssembly (107ms)
			ExecutionOrderSort (0ms)
			DisableScriptedObjects (8ms)
			BackupInstance (0ms)
			ReleaseScriptingObjects (0ms)
			CreateAndSetChildDomain (31ms)
		EndReloadAssembly (791ms)
			LoadAssemblies (88ms)
			RebuildTransferFunctionScriptingTraits (0ms)
			SetupTypeCache (305ms)
			ReleaseScriptCaches (1ms)
			RebuildScriptCaches (46ms)
			SetupLoadedEditorAssemblies (236ms)
				LogAssemblyErrors (0ms)
				InitializePlatformSupportModulesInManaged (5ms)
				SetLoadedEditorAssemblies (1ms)
				RefreshPlugins (1ms)
				BeforeProcessingInitializeOnLoad (65ms)
				ProcessInitializeOnLoadAttributes (148ms)
				ProcessInitializeOnLoadMethodAttributes (9ms)
				AfterProcessingInitializeOnLoad (7ms)
				EditorAssembliesLoaded (0ms)
			ExecutionOrderSort2 (0ms)
			AwakeInstancesAfterBackupRestoration (17ms)
Platform modules already initialized, skipping
Refreshing native plugins compatible for Editor in 0.77 ms, found 4 plugins.
Preloading 0 native plugins for Editor in 0.00 ms.
Unloading 3437 Unused Serialized files (Serialized files now loaded: 0)
System memory in use before: 152.7 MB.
System memory in use after: 152.8 MB.

Unloading 25 unused Assets to reduce memory usage. Loaded Objects now: 4127.
Total: 3.104800 ms (FindLiveObjects: 0.326100 ms CreateObjectMapping: 0.125100 ms MarkObjects: 2.556000 ms  DeleteObjects: 0.096300 ms)

AssetImportParameters requested are different than current active one (requested -> active):
  custom:framework-win-MediaFoundation: 216162199b28c13a410421893ffa2e32 -> 
  custom:video-decoder-ogg-theora: a1e56fd34408186e4bbccfd4996cb3dc -> 
  custom:container-muxer-webm: aa71ff27fc2769a1b78a27578f13a17b -> 
  custom:container-demuxer-webm: 4f35f7cbe854078d1ac9338744f61a02 -> 
  custom:container-demuxer-ogg: 62fdf1f143b41e24485cea50d1cbac27 -> 
  custom:video-encoder-webm-vp8: eb34c28f22e8b96e1ab97ce403110664 -> 
  custom:video-codec-MediaFoundation-h265: 746d11721c4dcdbdad8f713fa42b33f4 -> 
  custom:video-decoder-webm-vp8: 9c59270c3fd7afecdb556c50c9e8de78 -> 
  custom:audio-decoder-ogg-vorbis: bf7c407c2cedff20999df2af8eb42d56 -> 
  custom:audio-encoder-webm-vorbis: bf7c407c2cedff20999df2af8eb42d56 -> 
AssetImportWorkerClient::OnTransportError - code=2 error=End of file
